
**** Build of configuration Default for project 002.OS_Template ****

make all 
make: Nothing to be done for `all'.

**** Build Finished ****

**** Build of configuration Default for project 001.Loader_Executor ****

make all 
make: Nothing to be done for `all'.

**** Build Finished ****

**** Build of configuration Default for project 002.OS_Template ****

make all 
"C:\CodeSourcery\Sourcery G++ Lite/bin/arm-none-eabi-gcc" asm_function.s cp15a.s crt0.s Exception.c cp15.c gic.c graphics.c key.c led.c main.c runtime.c sdhc.c timer.c uart.c -nostdinc  -I. -I "C:\CodeSourcery\Sourcery G++ Lite/arm-none-eabi/include" -I "C:\CodeSourcery\Sourcery G++ Lite/lib/gcc/arm-none-eabi/4.8.1/include"  -mcpu=cortex-a9 -c -g -O3 -Wall -mfloat-abi=softfp -mfpu=neon-vfpv4 -fno-builtin -funsigned-char -ftree-vectorize -ftree-vectorizer-verbose=0 -fno-strict-aliasing -fno-common -pipe -mapcs 
"C:\CodeSourcery\Sourcery G++ Lite/bin/arm-none-eabi-ld" Exception.o cp15.o gic.o graphics.o key.o led.o main.o runtime.o sdhc.o timer.o uart.o asm_function.o cp15a.o crt0.o -o dram_0x40000000.elf --cref -Bstatic -nostdlib -p -EL -Map dram_0x40000000.map -L "C:\CodeSourcery\Sourcery G++ Lite/arm-none-eabi/lib" -L "C:\CodeSourcery\Sourcery G++ Lite/lib/gcc/arm-none-eabi/4.8.1" -lc -lgcc -T dram_0x40000000.lds
"C:\CodeSourcery\Sourcery G++ Lite/bin/arm-none-eabi-objcopy" dram_0x40000000.elf dram_0x40000000.bin -O binary
"C:\CodeSourcery\Sourcery G++ Lite/bin/arm-none-eabi-objdump" -x -D .\dram_0x40000000.elf > .\__dump.txt
"C:\CodeSourcery\Sourcery G++ Lite/bin/arm-none-eabi-objdump" -x -D -S .\dram_0x40000000.elf > .\__dump_all.txt
copy /y dram_0x40000000.bin "C:\OpenTFTPServer\home"
        1개 파일이 복사되었습니다.

**** Build Finished ****

**** Build of configuration Default for project 001.Loader_Executor ****

make all 
make: Nothing to be done for `all'.

**** Build Finished ****

**** Build of configuration Default for project 002.OS_Template ****

make all 
make: Nothing to be done for `all'.

**** Build Finished ****

**** Build of configuration Default for project 002.OS_Template ****

make all 
make: Nothing to be done for `all'.

**** Build Finished ****

**** Build of configuration Default for project 002.OS_Template ****

make all 
make: Nothing to be done for `all'.

**** Build Finished ****

**** Build of configuration Default for project 002.OS_Template ****

make all 
make: Nothing to be done for `all'.

**** Build Finished ****

**** Build of configuration Default for project 002.OS_Template ****

make all 
make: Nothing to be done for `all'.

**** Build Finished ****

**** Build of configuration Default for project 002.OS_Template ****

make all 
"C:\CodeSourcery\Sourcery G++ Lite/bin/arm-none-eabi-gcc" asm_function.s cp15a.s crt0.s Exception.c cp15.c gic.c graphics.c key.c led.c main.c runtime.c sdhc.c timer.c uart.c -nostdinc  -I. -I "C:\CodeSourcery\Sourcery G++ Lite/arm-none-eabi/include" -I "C:\CodeSourcery\Sourcery G++ Lite/lib/gcc/arm-none-eabi/4.8.1/include"  -mcpu=cortex-a9 -c -g -O3 -Wall -mfloat-abi=softfp -mfpu=neon-vfpv4 -fno-builtin -funsigned-char -ftree-vectorize -ftree-vectorizer-verbose=0 -fno-strict-aliasing -fno-common -pipe -mapcs 
"C:\CodeSourcery\Sourcery G++ Lite/bin/arm-none-eabi-ld" Exception.o cp15.o gic.o graphics.o key.o led.o main.o runtime.o sdhc.o timer.o uart.o asm_function.o cp15a.o crt0.o -o dram_0x40000000.elf --cref -Bstatic -nostdlib -p -EL -Map dram_0x40000000.map -L "C:\CodeSourcery\Sourcery G++ Lite/arm-none-eabi/lib" -L "C:\CodeSourcery\Sourcery G++ Lite/lib/gcc/arm-none-eabi/4.8.1" -lc -lgcc -T dram_0x40000000.lds
"C:\CodeSourcery\Sourcery G++ Lite/bin/arm-none-eabi-objcopy" dram_0x40000000.elf dram_0x40000000.bin -O binary
"C:\CodeSourcery\Sourcery G++ Lite/bin/arm-none-eabi-objdump" -x -D .\dram_0x40000000.elf > .\__dump.txt
"C:\CodeSourcery\Sourcery G++ Lite/bin/arm-none-eabi-objdump" -x -D -S .\dram_0x40000000.elf > .\__dump_all.txt
copy /y dram_0x40000000.bin "C:\OpenTFTPServer\home"
        1개 파일이 복사되었습니다.

**** Build Finished ****

**** Build of configuration Default for project 002.OS_Template ****

make all 
"C:\CodeSourcery\Sourcery G++ Lite/bin/arm-none-eabi-gcc" asm_function.s cp15a.s crt0.s Exception.c cp15.c gic.c graphics.c key.c led.c main.c runtime.c sdhc.c timer.c uart.c -nostdinc  -I. -I "C:\CodeSourcery\Sourcery G++ Lite/arm-none-eabi/include" -I "C:\CodeSourcery\Sourcery G++ Lite/lib/gcc/arm-none-eabi/4.8.1/include"  -mcpu=cortex-a9 -c -g -O3 -Wall -mfloat-abi=softfp -mfpu=neon-vfpv4 -fno-builtin -funsigned-char -ftree-vectorize -ftree-vectorizer-verbose=0 -fno-strict-aliasing -fno-common -pipe -mapcs 
"C:\CodeSourcery\Sourcery G++ Lite/bin/arm-none-eabi-ld" Exception.o cp15.o gic.o graphics.o key.o led.o main.o runtime.o sdhc.o timer.o uart.o asm_function.o cp15a.o crt0.o -o dram_0x40000000.elf --cref -Bstatic -nostdlib -p -EL -Map dram_0x40000000.map -L "C:\CodeSourcery\Sourcery G++ Lite/arm-none-eabi/lib" -L "C:\CodeSourcery\Sourcery G++ Lite/lib/gcc/arm-none-eabi/4.8.1" -lc -lgcc -T dram_0x40000000.lds
"C:\CodeSourcery\Sourcery G++ Lite/bin/arm-none-eabi-objcopy" dram_0x40000000.elf dram_0x40000000.bin -O binary
"C:\CodeSourcery\Sourcery G++ Lite/bin/arm-none-eabi-objdump" -x -D .\dram_0x40000000.elf > .\__dump.txt
"C:\CodeSourcery\Sourcery G++ Lite/bin/arm-none-eabi-objdump" -x -D -S .\dram_0x40000000.elf > .\__dump_all.txt
copy /y dram_0x40000000.bin "C:\OpenTFTPServer\home"
        1개 파일이 복사되었습니다.

**** Build Finished ****

**** Build of configuration Default for project 002.OS_Template ****

make all 
"C:\CodeSourcery\Sourcery G++ Lite/bin/arm-none-eabi-gcc" asm_function.s cp15a.s crt0.s Exception.c cp15.c gic.c graphics.c key.c led.c main.c pcb_allocator.c runtime.c sdhc.c timer.c uart.c -nostdinc  -I. -I "C:\CodeSourcery\Sourcery G++ Lite/arm-none-eabi/include" -I "C:\CodeSourcery\Sourcery G++ Lite/lib/gcc/arm-none-eabi/4.8.1/include"  -mcpu=cortex-a9 -c -g -O3 -Wall -mfloat-abi=softfp -mfpu=neon-vfpv4 -fno-builtin -funsigned-char -ftree-vectorize -ftree-vectorizer-verbose=0 -fno-strict-aliasing -fno-common -pipe -mapcs 
pcb_allocator.c:1:21: fatal error: pcb_alloc: No such file or directory
 #include "pcb_alloc"
                     ^
compilation terminated.
make: *** [Exception.o] Error 1

**** Build Finished ****

**** Build of configuration Default for project 002.OS_Template ****

make all 
"C:\CodeSourcery\Sourcery G++ Lite/bin/arm-none-eabi-gcc" asm_function.s cp15a.s crt0.s Exception.c cp15.c gic.c graphics.c key.c led.c main.c pcb_allocator.c runtime.c sdhc.c timer.c uart.c -nostdinc  -I. -I "C:\CodeSourcery\Sourcery G++ Lite/arm-none-eabi/include" -I "C:\CodeSourcery\Sourcery G++ Lite/lib/gcc/arm-none-eabi/4.8.1/include"  -mcpu=cortex-a9 -c -g -O3 -Wall -mfloat-abi=softfp -mfpu=neon-vfpv4 -fno-builtin -funsigned-char -ftree-vectorize -ftree-vectorizer-verbose=0 -fno-strict-aliasing -fno-common -pipe -mapcs 
"C:\CodeSourcery\Sourcery G++ Lite/bin/arm-none-eabi-ld" Exception.o cp15.o gic.o graphics.o key.o led.o main.o pcb_allocator.o runtime.o sdhc.o timer.o uart.o asm_function.o cp15a.o crt0.o -o dram_0x40000000.elf --cref -Bstatic -nostdlib -p -EL -Map dram_0x40000000.map -L "C:\CodeSourcery\Sourcery G++ Lite/arm-none-eabi/lib" -L "C:\CodeSourcery\Sourcery G++ Lite/lib/gcc/arm-none-eabi/4.8.1" -lc -lgcc -T dram_0x40000000.lds
"C:\CodeSourcery\Sourcery G++ Lite/bin/arm-none-eabi-objcopy" dram_0x40000000.elf dram_0x40000000.bin -O binary
"C:\CodeSourcery\Sourcery G++ Lite/bin/arm-none-eabi-objdump" -x -D .\dram_0x40000000.elf > .\__dump.txt
"C:\CodeSourcery\Sourcery G++ Lite/bin/arm-none-eabi-objdump" -x -D -S .\dram_0x40000000.elf > .\__dump_all.txt
copy /y dram_0x40000000.bin "C:\OpenTFTPServer\home"
        1개 파일이 복사되었습니다.

**** Build Finished ****

**** Build of configuration Default for project 002.OS_Template ****

make all 
"C:\CodeSourcery\Sourcery G++ Lite/bin/arm-none-eabi-gcc" asm_function.s cp15a.s crt0.s Exception.c cp15.c gic.c graphics.c key.c led.c main.c pcb_allocator.c runtime.c sdhc.c timer.c uart.c -nostdinc  -I. -I "C:\CodeSourcery\Sourcery G++ Lite/arm-none-eabi/include" -I "C:\CodeSourcery\Sourcery G++ Lite/lib/gcc/arm-none-eabi/4.8.1/include"  -mcpu=cortex-a9 -c -g -O3 -Wall -mfloat-abi=softfp -mfpu=neon-vfpv4 -fno-builtin -funsigned-char -ftree-vectorize -ftree-vectorizer-verbose=0 -fno-strict-aliasing -fno-common -pipe -mapcs 
pcb_allocator.c:13:1: warning: useless storage class specifier in empty declaration [enabled by default]
 };
 ^
"C:\CodeSourcery\Sourcery G++ Lite/bin/arm-none-eabi-ld" Exception.o cp15.o gic.o graphics.o key.o led.o main.o pcb_allocator.o runtime.o sdhc.o timer.o uart.o asm_function.o cp15a.o crt0.o -o dram_0x40000000.elf --cref -Bstatic -nostdlib -p -EL -Map dram_0x40000000.map -L "C:\CodeSourcery\Sourcery G++ Lite/arm-none-eabi/lib" -L "C:\CodeSourcery\Sourcery G++ Lite/lib/gcc/arm-none-eabi/4.8.1" -lc -lgcc -T dram_0x40000000.lds
"C:\CodeSourcery\Sourcery G++ Lite/bin/arm-none-eabi-objcopy" dram_0x40000000.elf dram_0x40000000.bin -O binary
"C:\CodeSourcery\Sourcery G++ Lite/bin/arm-none-eabi-objdump" -x -D .\dram_0x40000000.elf > .\__dump.txt
"C:\CodeSourcery\Sourcery G++ Lite/bin/arm-none-eabi-objdump" -x -D -S .\dram_0x40000000.elf > .\__dump_all.txt
copy /y dram_0x40000000.bin "C:\OpenTFTPServer\home"
        1개 파일이 복사되었습니다.

**** Build Finished ****

**** Build of configuration Default for project 002.OS_Template ****

make all 
"C:\CodeSourcery\Sourcery G++ Lite/bin/arm-none-eabi-gcc" asm_function.s cp15a.s crt0.s Exception.c cp15.c gic.c graphics.c key.c led.c main.c pcb_allocator.c runtime.c sdhc.c timer.c uart.c -nostdinc  -I. -I "C:\CodeSourcery\Sourcery G++ Lite/arm-none-eabi/include" -I "C:\CodeSourcery\Sourcery G++ Lite/lib/gcc/arm-none-eabi/4.8.1/include"  -mcpu=cortex-a9 -c -g -O3 -Wall -mfloat-abi=softfp -mfpu=neon-vfpv4 -fno-builtin -funsigned-char -ftree-vectorize -ftree-vectorizer-verbose=0 -fno-strict-aliasing -fno-common -pipe -mapcs 
"C:\CodeSourcery\Sourcery G++ Lite/bin/arm-none-eabi-ld" Exception.o cp15.o gic.o graphics.o key.o led.o main.o pcb_allocator.o runtime.o sdhc.o timer.o uart.o asm_function.o cp15a.o crt0.o -o dram_0x40000000.elf --cref -Bstatic -nostdlib -p -EL -Map dram_0x40000000.map -L "C:\CodeSourcery\Sourcery G++ Lite/arm-none-eabi/lib" -L "C:\CodeSourcery\Sourcery G++ Lite/lib/gcc/arm-none-eabi/4.8.1" -lc -lgcc -T dram_0x40000000.lds
"C:\CodeSourcery\Sourcery G++ Lite/bin/arm-none-eabi-objcopy" dram_0x40000000.elf dram_0x40000000.bin -O binary
"C:\CodeSourcery\Sourcery G++ Lite/bin/arm-none-eabi-objdump" -x -D .\dram_0x40000000.elf > .\__dump.txt
"C:\CodeSourcery\Sourcery G++ Lite/bin/arm-none-eabi-objdump" -x -D -S .\dram_0x40000000.elf > .\__dump_all.txt
copy /y dram_0x40000000.bin "C:\OpenTFTPServer\home"
        1개 파일이 복사되었습니다.

**** Build Finished ****

**** Build of configuration Default for project 002.OS_Template ****

make all 
"C:\CodeSourcery\Sourcery G++ Lite/bin/arm-none-eabi-gcc" asm_function.s cp15a.s crt0.s Exception.c cp15.c gic.c graphics.c key.c led.c main.c pcb_allocator.c runtime.c sdhc.c timer.c uart.c -nostdinc  -I. -I "C:\CodeSourcery\Sourcery G++ Lite/arm-none-eabi/include" -I "C:\CodeSourcery\Sourcery G++ Lite/lib/gcc/arm-none-eabi/4.8.1/include"  -mcpu=cortex-a9 -c -g -O3 -Wall -mfloat-abi=softfp -mfpu=neon-vfpv4 -fno-builtin -funsigned-char -ftree-vectorize -ftree-vectorizer-verbose=0 -fno-strict-aliasing -fno-common -pipe -mapcs 
"C:\CodeSourcery\Sourcery G++ Lite/bin/arm-none-eabi-ld" Exception.o cp15.o gic.o graphics.o key.o led.o main.o pcb_allocator.o runtime.o sdhc.o timer.o uart.o asm_function.o cp15a.o crt0.o -o dram_0x40000000.elf --cref -Bstatic -nostdlib -p -EL -Map dram_0x40000000.map -L "C:\CodeSourcery\Sourcery G++ Lite/arm-none-eabi/lib" -L "C:\CodeSourcery\Sourcery G++ Lite/lib/gcc/arm-none-eabi/4.8.1" -lc -lgcc -T dram_0x40000000.lds
"C:\CodeSourcery\Sourcery G++ Lite/bin/arm-none-eabi-objcopy" dram_0x40000000.elf dram_0x40000000.bin -O binary
"C:\CodeSourcery\Sourcery G++ Lite/bin/arm-none-eabi-objdump" -x -D .\dram_0x40000000.elf > .\__dump.txt
"C:\CodeSourcery\Sourcery G++ Lite/bin/arm-none-eabi-objdump" -x -D -S .\dram_0x40000000.elf > .\__dump_all.txt
copy /y dram_0x40000000.bin "C:\OpenTFTPServer\home"
        1개 파일이 복사되었습니다.

**** Build Finished ****

**** Build of configuration Default for project 002.OS_Template ****

make all 
"C:\CodeSourcery\Sourcery G++ Lite/bin/arm-none-eabi-gcc" asm_function.s cp15a.s crt0.s Exception.c cp15.c gic.c graphics.c key.c led.c main.c pcb_allocator.c runtime.c sdhc.c timer.c uart.c -nostdinc  -I. -I "C:\CodeSourcery\Sourcery G++ Lite/arm-none-eabi/include" -I "C:\CodeSourcery\Sourcery G++ Lite/lib/gcc/arm-none-eabi/4.8.1/include"  -mcpu=cortex-a9 -c -g -O3 -Wall -mfloat-abi=softfp -mfpu=neon-vfpv4 -fno-builtin -funsigned-char -ftree-vectorize -ftree-vectorizer-verbose=0 -fno-strict-aliasing -fno-common -pipe -mapcs 
pcb_allocator.c: In function 'allocate_pcb':
pcb_allocator.c:18:14: error: 'NLL' undeclared (first use in this function)
  if (node == NLL){
              ^
pcb_allocator.c:18:14: note: each undeclared identifier is reported only once for each function it appears in
make: *** [Exception.o] Error 1

**** Build Finished ****

**** Build of configuration Default for project 002.OS_Template ****

make all 
"C:\CodeSourcery\Sourcery G++ Lite/bin/arm-none-eabi-gcc" asm_function.s cp15a.s crt0.s Exception.c cp15.c gic.c graphics.c key.c led.c main.c pcb_allocator.c runtime.c sdhc.c timer.c uart.c -nostdinc  -I. -I "C:\CodeSourcery\Sourcery G++ Lite/arm-none-eabi/include" -I "C:\CodeSourcery\Sourcery G++ Lite/lib/gcc/arm-none-eabi/4.8.1/include"  -mcpu=cortex-a9 -c -g -O3 -Wall -mfloat-abi=softfp -mfpu=neon-vfpv4 -fno-builtin -funsigned-char -ftree-vectorize -ftree-vectorizer-verbose=0 -fno-strict-aliasing -fno-common -pipe -mapcs 
pcb_allocator.c: In function 'allocate_pcb':
pcb_allocator.c:19:3: warning: implicit declaration of function 'error' [-Wimplicit-function-declaration]
   error("allocate error");
   ^
pcb_allocator.c:25:2: warning: 'return' with a value, in function returning void [enabled by default]
  return node;
  ^
pcb_allocator.c: In function 'add_pcb':
pcb_allocator.c:29:20: error: void value not ignored as it ought to be
  PCB_NODE * node = allocate_pcb(data);
                    ^
pcb_allocator.c:29:13: warning: unused variable 'node' [-Wunused-variable]
  PCB_NODE * node = allocate_pcb(data);
             ^
make: *** [Exception.o] Error 1

**** Build Finished ****

**** Build of configuration Default for project 002.OS_Template ****

make all 
"C:\CodeSourcery\Sourcery G++ Lite/bin/arm-none-eabi-gcc" asm_function.s cp15a.s crt0.s Exception.c cp15.c gic.c graphics.c key.c led.c main.c pcb_allocator.c runtime.c sdhc.c timer.c uart.c -nostdinc  -I. -I "C:\CodeSourcery\Sourcery G++ Lite/arm-none-eabi/include" -I "C:\CodeSourcery\Sourcery G++ Lite/lib/gcc/arm-none-eabi/4.8.1/include"  -mcpu=cortex-a9 -c -g -O3 -Wall -mfloat-abi=softfp -mfpu=neon-vfpv4 -fno-builtin -funsigned-char -ftree-vectorize -ftree-vectorizer-verbose=0 -fno-strict-aliasing -fno-common -pipe -mapcs 
pcb_allocator.c: In function 'allocate_pcb':
pcb_allocator.c:7:3: warning: implicit declaration of function 'error' [-Wimplicit-function-declaration]
   error("allocate error");
   ^
pcb_allocator.c: In function 'add_pcb':
pcb_allocator.c:17:13: warning: unused variable 'node' [-Wunused-variable]
  PCB_NODE * node = allocate_pcb(data);
             ^
"C:\CodeSourcery\Sourcery G++ Lite/bin/arm-none-eabi-ld" Exception.o cp15.o gic.o graphics.o key.o led.o main.o pcb_allocator.o runtime.o sdhc.o timer.o uart.o asm_function.o cp15a.o crt0.o -o dram_0x40000000.elf --cref -Bstatic -nostdlib -p -EL -Map dram_0x40000000.map -L "C:\CodeSourcery\Sourcery G++ Lite/arm-none-eabi/lib" -L "C:\CodeSourcery\Sourcery G++ Lite/lib/gcc/arm-none-eabi/4.8.1" -lc -lgcc -T dram_0x40000000.lds
pcb_allocator.o: In function `allocate_pcb':
C:\Users\RENTALHUB\Desktop\LG_SW_Bootcamp_OS\002.OS_Template/pcb_allocator.c:7: undefined reference to `error'
C:\Users\RENTALHUB\Desktop\LG_SW_Bootcamp_OS\002.OS_Template/pcb_allocator.c:7: undefined reference to `error'
C:\CodeSourcery\Sourcery G++ Lite/arm-none-eabi/lib\libc.a(lib_a-exit.o): In function `exit':
exit.c:(.text+0x2c): undefined reference to `_exit'
C:\CodeSourcery\Sourcery G++ Lite/arm-none-eabi/lib\libc.a(lib_a-fini.o): In function `__libc_fini_array':
fini.c:(.text+0x34): undefined reference to `_fini'
make: *** [dram_0x40000000.elf] Error 1

**** Build Finished ****

**** Build of configuration Default for project 002.OS_Template ****

make all 
"C:\CodeSourcery\Sourcery G++ Lite/bin/arm-none-eabi-gcc" asm_function.s cp15a.s crt0.s Exception.c cp15.c gic.c graphics.c key.c led.c main.c pcb_allocator.c runtime.c sdhc.c timer.c uart.c -nostdinc  -I. -I "C:\CodeSourcery\Sourcery G++ Lite/arm-none-eabi/include" -I "C:\CodeSourcery\Sourcery G++ Lite/lib/gcc/arm-none-eabi/4.8.1/include"  -mcpu=cortex-a9 -c -g -O3 -Wall -mfloat-abi=softfp -mfpu=neon-vfpv4 -fno-builtin -funsigned-char -ftree-vectorize -ftree-vectorizer-verbose=0 -fno-strict-aliasing -fno-common -pipe -mapcs 
pcb_allocator.c: In function 'add_pcb':
pcb_allocator.c:16:13: warning: unused variable 'node' [-Wunused-variable]
  PCB_NODE * node = allocate_pcb(data);
             ^
"C:\CodeSourcery\Sourcery G++ Lite/bin/arm-none-eabi-ld" Exception.o cp15.o gic.o graphics.o key.o led.o main.o pcb_allocator.o runtime.o sdhc.o timer.o uart.o asm_function.o cp15a.o crt0.o -o dram_0x40000000.elf --cref -Bstatic -nostdlib -p -EL -Map dram_0x40000000.map -L "C:\CodeSourcery\Sourcery G++ Lite/arm-none-eabi/lib" -L "C:\CodeSourcery\Sourcery G++ Lite/lib/gcc/arm-none-eabi/4.8.1" -lc -lgcc -T dram_0x40000000.lds
"C:\CodeSourcery\Sourcery G++ Lite/bin/arm-none-eabi-objcopy" dram_0x40000000.elf dram_0x40000000.bin -O binary
"C:\CodeSourcery\Sourcery G++ Lite/bin/arm-none-eabi-objdump" -x -D .\dram_0x40000000.elf > .\__dump.txt
"C:\CodeSourcery\Sourcery G++ Lite/bin/arm-none-eabi-objdump" -x -D -S .\dram_0x40000000.elf > .\__dump_all.txt
copy /y dram_0x40000000.bin "C:\OpenTFTPServer\home"
        1개 파일이 복사되었습니다.

**** Build Finished ****

**** Build of configuration Default for project 002.OS_Template ****

make all 
"C:\CodeSourcery\Sourcery G++ Lite/bin/arm-none-eabi-gcc" asm_function.s cp15a.s crt0.s Exception.c cp15.c gic.c graphics.c key.c led.c main.c pcb_allocator.c runtime.c sdhc.c timer.c uart.c -nostdinc  -I. -I "C:\CodeSourcery\Sourcery G++ Lite/arm-none-eabi/include" -I "C:\CodeSourcery\Sourcery G++ Lite/lib/gcc/arm-none-eabi/4.8.1/include"  -mcpu=cortex-a9 -c -g -O3 -Wall -mfloat-abi=softfp -mfpu=neon-vfpv4 -fno-builtin -funsigned-char -ftree-vectorize -ftree-vectorizer-verbose=0 -fno-strict-aliasing -fno-common -pipe -mapcs 
pcb_allocator.c:4:7: error: conflicting types for 'allocate_pcb'
 PCB * allocate_pcb(PCB data){
       ^
In file included from pcb_allocator.c:1:0:
pcb_allocator.h:25:19: note: previous declaration of 'allocate_pcb' was here
 extern PCB_NODE * allocate_pcb(PCB data);
                   ^
pcb_allocator.c: In function 'allocate_pcb':
pcb_allocator.c:12:2: warning: implicit declaration of function 'memcpy' [-Wimplicit-function-declaration]
  memcpy(node->Reg,data.Reg, NUM_REGISTER);
  ^
pcb_allocator.c: In function 'add_pcb':
pcb_allocator.c:28:19: warning: assignment from incompatible pointer type [enabled by default]
   ptr_PCB_Current = (*ptr_PCB_Creator);
                   ^
make: *** [Exception.o] Error 1

**** Build Finished ****

**** Build of configuration Default for project 002.OS_Template ****

make all 
"C:\CodeSourcery\Sourcery G++ Lite/bin/arm-none-eabi-gcc" asm_function.s cp15a.s crt0.s Exception.c cp15.c gic.c graphics.c key.c led.c main.c pcb_allocator.c runtime.c sdhc.c timer.c uart.c -nostdinc  -I. -I "C:\CodeSourcery\Sourcery G++ Lite/arm-none-eabi/include" -I "C:\CodeSourcery\Sourcery G++ Lite/lib/gcc/arm-none-eabi/4.8.1/include"  -mcpu=cortex-a9 -c -g -O3 -Wall -mfloat-abi=softfp -mfpu=neon-vfpv4 -fno-builtin -funsigned-char -ftree-vectorize -ftree-vectorizer-verbose=0 -fno-strict-aliasing -fno-common -pipe -mapcs 
pcb_allocator.c:4:7: error: conflicting types for 'allocate_pcb'
 PCB * allocate_pcb(PCB data){
       ^
In file included from pcb_allocator.c:1:0:
pcb_allocator.h:25:19: note: previous declaration of 'allocate_pcb' was here
 extern PCB_NODE * allocate_pcb(PCB data);
                   ^
pcb_allocator.c: In function 'allocate_pcb':
pcb_allocator.c:12:2: warning: implicit declaration of function 'memcpy' [-Wimplicit-function-declaration]
  memcpy(node->Reg,data.Reg, NUM_REGISTER);
  ^
pcb_allocator.c: In function 'add_pcb':
pcb_allocator.c:25:19: warning: assignment from incompatible pointer type [enabled by default]
   ptr_PCB_Creator = node;
                   ^
pcb_allocator.c:26:15: warning: assignment from incompatible pointer type [enabled by default]
   node->after = ptr_PCB_Creator;
               ^
pcb_allocator.c:27:16: warning: assignment from incompatible pointer type [enabled by default]
   node->before = ptr_PCB_Creator;
                ^
make: *** [Exception.o] Error 1

**** Build Finished ****

**** Build of configuration Default for project 002.OS_Template ****

make all 
"C:\CodeSourcery\Sourcery G++ Lite/bin/arm-none-eabi-gcc" asm_function.s cp15a.s crt0.s Exception.c cp15.c gic.c graphics.c key.c led.c main.c pcb_allocator.c runtime.c sdhc.c timer.c uart.c -nostdinc  -I. -I "C:\CodeSourcery\Sourcery G++ Lite/arm-none-eabi/include" -I "C:\CodeSourcery\Sourcery G++ Lite/lib/gcc/arm-none-eabi/4.8.1/include"  -mcpu=cortex-a9 -c -g -O3 -Wall -mfloat-abi=softfp -mfpu=neon-vfpv4 -fno-builtin -funsigned-char -ftree-vectorize -ftree-vectorizer-verbose=0 -fno-strict-aliasing -fno-common -pipe -mapcs 
pcb_allocator.c:4:7: error: conflicting types for 'allocate_pcb'
 PCB * allocate_pcb(PCB data){
       ^
In file included from pcb_allocator.c:1:0:
pcb_allocator.h:25:19: note: previous declaration of 'allocate_pcb' was here
 extern PCB_NODE * allocate_pcb(PCB data);
                   ^
pcb_allocator.c: In function 'allocate_pcb':
pcb_allocator.c:12:2: warning: implicit declaration of function 'memcpy' [-Wimplicit-function-declaration]
  memcpy(node->Reg,data.Reg, NUM_REGISTER);
  ^
pcb_allocator.c: In function 'add_pcb':
pcb_allocator.c:25:3: warning: statement with no effect [-Wunused-value]
   (*ptr_PCB_Creator)ptr_PCB_Creator = node;
   ^
pcb_allocator.c:25:21: error: expected ';' before 'ptr_PCB_Creator'
   (*ptr_PCB_Creator)ptr_PCB_Creator = node;
                     ^
pcb_allocator.c:26:15: warning: assignment from incompatible pointer type [enabled by default]
   node->after = ptr_PCB_Creator;
               ^
pcb_allocator.c:27:16: warning: assignment from incompatible pointer type [enabled by default]
   node->before = ptr_PCB_Creator;
                ^
make: *** [Exception.o] Error 1

**** Build Finished ****

**** Build of configuration Default for project 002.OS_Template ****

make all 
"C:\CodeSourcery\Sourcery G++ Lite/bin/arm-none-eabi-gcc" asm_function.s cp15a.s crt0.s Exception.c cp15.c gic.c graphics.c key.c led.c main.c pcb_allocator.c runtime.c sdhc.c timer.c uart.c -nostdinc  -I. -I "C:\CodeSourcery\Sourcery G++ Lite/arm-none-eabi/include" -I "C:\CodeSourcery\Sourcery G++ Lite/lib/gcc/arm-none-eabi/4.8.1/include"  -mcpu=cortex-a9 -c -g -O3 -Wall -mfloat-abi=softfp -mfpu=neon-vfpv4 -fno-builtin -funsigned-char -ftree-vectorize -ftree-vectorizer-verbose=0 -fno-strict-aliasing -fno-common -pipe -mapcs 
pcb_allocator.c:4:7: error: conflicting types for 'allocate_pcb'
 PCB * allocate_pcb(PCB data){
       ^
In file included from pcb_allocator.c:1:0:
pcb_allocator.h:25:19: note: previous declaration of 'allocate_pcb' was here
 extern PCB_NODE * allocate_pcb(PCB data);
                   ^
pcb_allocator.c: In function 'allocate_pcb':
pcb_allocator.c:12:2: warning: implicit declaration of function 'memcpy' [-Wimplicit-function-declaration]
  memcpy(node->Reg,data.Reg, NUM_REGISTER);
  ^
pcb_allocator.c: In function 'add_pcb':
pcb_allocator.c:25:19: warning: assignment from incompatible pointer type [enabled by default]
   ptr_PCB_Creator = node;
                   ^
pcb_allocator.c:26:15: warning: assignment from incompatible pointer type [enabled by default]
   node->after = ptr_PCB_Creator;
               ^
pcb_allocator.c:27:16: warning: assignment from incompatible pointer type [enabled by default]
   node->before = ptr_PCB_Creator;
                ^
make: *** [Exception.o] Error 1

**** Build Finished ****

**** Build of configuration Default for project 002.OS_Template ****

make all 
"C:\CodeSourcery\Sourcery G++ Lite/bin/arm-none-eabi-gcc" asm_function.s cp15a.s crt0.s Exception.c cp15.c gic.c graphics.c key.c led.c main.c pcb_allocator.c runtime.c sdhc.c timer.c uart.c -nostdinc  -I. -I "C:\CodeSourcery\Sourcery G++ Lite/arm-none-eabi/include" -I "C:\CodeSourcery\Sourcery G++ Lite/lib/gcc/arm-none-eabi/4.8.1/include"  -mcpu=cortex-a9 -c -g -O3 -Wall -mfloat-abi=softfp -mfpu=neon-vfpv4 -fno-builtin -funsigned-char -ftree-vectorize -ftree-vectorizer-verbose=0 -fno-strict-aliasing -fno-common -pipe -mapcs 
pcb_allocator.c: In function 'allocate_pcb':
pcb_allocator.c:10:16: error: invalid type argument of '->' (have 'PCB')
  node->pcb_data->Pid = data.Pid;
                ^
pcb_allocator.c:11:16: error: invalid type argument of '->' (have 'PCB')
  node->pcb_data->Pc = data.Pc;
                ^
pcb_allocator.c:12:2: warning: implicit declaration of function 'memcpy' [-Wimplicit-function-declaration]
  memcpy(node->pcb_data->Reg,data.Reg, NUM_REGISTER);
  ^
pcb_allocator.c:12:23: error: invalid type argument of '->' (have 'PCB')
  memcpy(node->pcb_data->Reg,data.Reg, NUM_REGISTER);
                       ^
pcb_allocator.c:13:16: error: invalid type argument of '->' (have 'PCB')
  node->pcb_data->Cpsr = data.Cpsr;
                ^
make: *** [Exception.o] Error 1

**** Build Finished ****

**** Build of configuration Default for project 002.OS_Template ****

make all 
"C:\CodeSourcery\Sourcery G++ Lite/bin/arm-none-eabi-gcc" asm_function.s cp15a.s crt0.s Exception.c cp15.c gic.c graphics.c key.c led.c main.c pcb_allocator.c runtime.c sdhc.c timer.c uart.c -nostdinc  -I. -I "C:\CodeSourcery\Sourcery G++ Lite/arm-none-eabi/include" -I "C:\CodeSourcery\Sourcery G++ Lite/lib/gcc/arm-none-eabi/4.8.1/include"  -mcpu=cortex-a9 -c -g -O3 -Wall -mfloat-abi=softfp -mfpu=neon-vfpv4 -fno-builtin -funsigned-char -ftree-vectorize -ftree-vectorizer-verbose=0 -fno-strict-aliasing -fno-common -pipe -mapcs 
pcb_allocator.c: In function 'allocate_pcb':
pcb_allocator.c:12:2: warning: implicit declaration of function 'memcpy' [-Wimplicit-function-declaration]
  memcpy(node->pcb_data.Reg,data.Reg, NUM_REGISTER);
  ^
"C:\CodeSourcery\Sourcery G++ Lite/bin/arm-none-eabi-ld" Exception.o cp15.o gic.o graphics.o key.o led.o main.o pcb_allocator.o runtime.o sdhc.o timer.o uart.o asm_function.o cp15a.o crt0.o -o dram_0x40000000.elf --cref -Bstatic -nostdlib -p -EL -Map dram_0x40000000.map -L "C:\CodeSourcery\Sourcery G++ Lite/arm-none-eabi/lib" -L "C:\CodeSourcery\Sourcery G++ Lite/lib/gcc/arm-none-eabi/4.8.1" -lc -lgcc -T dram_0x40000000.lds
"C:\CodeSourcery\Sourcery G++ Lite/bin/arm-none-eabi-objcopy" dram_0x40000000.elf dram_0x40000000.bin -O binary
"C:\CodeSourcery\Sourcery G++ Lite/bin/arm-none-eabi-objdump" -x -D .\dram_0x40000000.elf > .\__dump.txt
"C:\CodeSourcery\Sourcery G++ Lite/bin/arm-none-eabi-objdump" -x -D -S .\dram_0x40000000.elf > .\__dump_all.txt
copy /y dram_0x40000000.bin "C:\OpenTFTPServer\home"
        1개 파일이 복사되었습니다.

**** Build Finished ****

**** Build of configuration Default for project 002.OS_Template ****

make all 
"C:\CodeSourcery\Sourcery G++ Lite/bin/arm-none-eabi-gcc" asm_function.s cp15a.s crt0.s Exception.c cp15.c gic.c graphics.c key.c led.c main.c pcb_allocator.c runtime.c sdhc.c timer.c uart.c -nostdinc  -I. -I "C:\CodeSourcery\Sourcery G++ Lite/arm-none-eabi/include" -I "C:\CodeSourcery\Sourcery G++ Lite/lib/gcc/arm-none-eabi/4.8.1/include"  -mcpu=cortex-a9 -c -g -O3 -Wall -mfloat-abi=softfp -mfpu=neon-vfpv4 -fno-builtin -funsigned-char -ftree-vectorize -ftree-vectorizer-verbose=0 -fno-strict-aliasing -fno-common -pipe -mapcs 
"C:\CodeSourcery\Sourcery G++ Lite/bin/arm-none-eabi-ld" Exception.o cp15.o gic.o graphics.o key.o led.o main.o pcb_allocator.o runtime.o sdhc.o timer.o uart.o asm_function.o cp15a.o crt0.o -o dram_0x40000000.elf --cref -Bstatic -nostdlib -p -EL -Map dram_0x40000000.map -L "C:\CodeSourcery\Sourcery G++ Lite/arm-none-eabi/lib" -L "C:\CodeSourcery\Sourcery G++ Lite/lib/gcc/arm-none-eabi/4.8.1" -lc -lgcc -T dram_0x40000000.lds
"C:\CodeSourcery\Sourcery G++ Lite/bin/arm-none-eabi-objcopy" dram_0x40000000.elf dram_0x40000000.bin -O binary
"C:\CodeSourcery\Sourcery G++ Lite/bin/arm-none-eabi-objdump" -x -D .\dram_0x40000000.elf > .\__dump.txt
"C:\CodeSourcery\Sourcery G++ Lite/bin/arm-none-eabi-objdump" -x -D -S .\dram_0x40000000.elf > .\__dump_all.txt
copy /y dram_0x40000000.bin "C:\OpenTFTPServer\home"
        1개 파일이 복사되었습니다.

**** Build Finished ****

**** Build of configuration Default for project 002.OS_Template ****

make all 
"C:\CodeSourcery\Sourcery G++ Lite/bin/arm-none-eabi-gcc" asm_function.s cp15a.s crt0.s Exception.c cp15.c gic.c graphics.c key.c led.c main.c pcb_allocator.c runtime.c sdhc.c timer.c uart.c -nostdinc  -I. -I "C:\CodeSourcery\Sourcery G++ Lite/arm-none-eabi/include" -I "C:\CodeSourcery\Sourcery G++ Lite/lib/gcc/arm-none-eabi/4.8.1/include"  -mcpu=cortex-a9 -c -g -O3 -Wall -mfloat-abi=softfp -mfpu=neon-vfpv4 -fno-builtin -funsigned-char -ftree-vectorize -ftree-vectorizer-verbose=0 -fno-strict-aliasing -fno-common -pipe -mapcs 
pcb_allocator.c:2:1: error: unknown type name 'PCB_NODE'
 PCB_NODE * allocate_pcb(PCB data) {
 ^
pcb_allocator.c:2:25: error: unknown type name 'PCB'
 PCB_NODE * allocate_pcb(PCB data) {
                         ^
pcb_allocator.c:20:14: error: unknown type name 'PCB'
 void add_pcb(PCB data) {
              ^
make: *** [Exception.o] Error 1

**** Build Finished ****

**** Build of configuration Default for project 002.OS_Template ****

make all 
"C:\CodeSourcery\Sourcery G++ Lite/bin/arm-none-eabi-gcc" asm_function.s cp15a.s crt0.s Exception.c cp15.c gic.c graphics.c key.c led.c main.c pcb_allocator.c runtime.c sdhc.c timer.c uart.c -nostdinc  -I. -I "C:\CodeSourcery\Sourcery G++ Lite/arm-none-eabi/include" -I "C:\CodeSourcery\Sourcery G++ Lite/lib/gcc/arm-none-eabi/4.8.1/include"  -mcpu=cortex-a9 -c -g -O3 -Wall -mfloat-abi=softfp -mfpu=neon-vfpv4 -fno-builtin -funsigned-char -ftree-vectorize -ftree-vectorizer-verbose=0 -fno-strict-aliasing -fno-common -pipe -mapcs 
"C:\CodeSourcery\Sourcery G++ Lite/bin/arm-none-eabi-ld" Exception.o cp15.o gic.o graphics.o key.o led.o main.o pcb_allocator.o runtime.o sdhc.o timer.o uart.o asm_function.o cp15a.o crt0.o -o dram_0x40000000.elf --cref -Bstatic -nostdlib -p -EL -Map dram_0x40000000.map -L "C:\CodeSourcery\Sourcery G++ Lite/arm-none-eabi/lib" -L "C:\CodeSourcery\Sourcery G++ Lite/lib/gcc/arm-none-eabi/4.8.1" -lc -lgcc -T dram_0x40000000.lds
C:\CodeSourcery\Sourcery G++ Lite/arm-none-eabi/lib\libc.a(lib_a-writer.o): In function `_write_r':
writer.c:(.text+0x20): undefined reference to `_write'
C:\CodeSourcery\Sourcery G++ Lite/arm-none-eabi/lib\libc.a(lib_a-closer.o): In function `_close_r':
closer.c:(.text+0x18): undefined reference to `_close'
C:\CodeSourcery\Sourcery G++ Lite/arm-none-eabi/lib\libc.a(lib_a-fstatr.o): In function `_fstat_r':
fstatr.c:(.text+0x1c): undefined reference to `_fstat'
C:\CodeSourcery\Sourcery G++ Lite/arm-none-eabi/lib\libc.a(lib_a-isattyr.o): In function `_isatty_r':
isattyr.c:(.text+0x18): undefined reference to `_isatty'
C:\CodeSourcery\Sourcery G++ Lite/arm-none-eabi/lib\libc.a(lib_a-lseekr.o): In function `_lseek_r':
lseekr.c:(.text+0x20): undefined reference to `_lseek'
C:\CodeSourcery\Sourcery G++ Lite/arm-none-eabi/lib\libc.a(lib_a-readr.o): In function `_read_r':
readr.c:(.text+0x20): undefined reference to `_read'
make: *** [dram_0x40000000.elf] Error 1

**** Build Finished ****

**** Build of configuration Default for project 002.OS_Template ****

make all 
"C:\CodeSourcery\Sourcery G++ Lite/bin/arm-none-eabi-gcc" asm_function.s cp15a.s crt0.s Exception.c cp15.c gic.c graphics.c key.c led.c main.c pcb_allocator.c runtime.c sdhc.c timer.c uart.c -nostdinc  -I. -I "C:\CodeSourcery\Sourcery G++ Lite/arm-none-eabi/include" -I "C:\CodeSourcery\Sourcery G++ Lite/lib/gcc/arm-none-eabi/4.8.1/include"  -mcpu=cortex-a9 -c -g -O3 -Wall -mfloat-abi=softfp -mfpu=neon-vfpv4 -fno-builtin -funsigned-char -ftree-vectorize -ftree-vectorizer-verbose=0 -fno-strict-aliasing -fno-common -pipe -mapcs 
"C:\CodeSourcery\Sourcery G++ Lite/bin/arm-none-eabi-ld" Exception.o cp15.o gic.o graphics.o key.o led.o main.o pcb_allocator.o runtime.o sdhc.o timer.o uart.o asm_function.o cp15a.o crt0.o -o dram_0x40000000.elf --cref -Bstatic -nostdlib -p -EL -Map dram_0x40000000.map -L "C:\CodeSourcery\Sourcery G++ Lite/arm-none-eabi/lib" -L "C:\CodeSourcery\Sourcery G++ Lite/lib/gcc/arm-none-eabi/4.8.1" -lc -lgcc -T dram_0x40000000.lds
C:\CodeSourcery\Sourcery G++ Lite/arm-none-eabi/lib\libc.a(lib_a-writer.o): In function `_write_r':
writer.c:(.text+0x20): undefined reference to `_write'
C:\CodeSourcery\Sourcery G++ Lite/arm-none-eabi/lib\libc.a(lib_a-closer.o): In function `_close_r':
closer.c:(.text+0x18): undefined reference to `_close'
C:\CodeSourcery\Sourcery G++ Lite/arm-none-eabi/lib\libc.a(lib_a-fstatr.o): In function `_fstat_r':
fstatr.c:(.text+0x1c): undefined reference to `_fstat'
C:\CodeSourcery\Sourcery G++ Lite/arm-none-eabi/lib\libc.a(lib_a-isattyr.o): In function `_isatty_r':
isattyr.c:(.text+0x18): undefined reference to `_isatty'
C:\CodeSourcery\Sourcery G++ Lite/arm-none-eabi/lib\libc.a(lib_a-lseekr.o): In function `_lseek_r':
lseekr.c:(.text+0x20): undefined reference to `_lseek'
C:\CodeSourcery\Sourcery G++ Lite/arm-none-eabi/lib\libc.a(lib_a-readr.o): In function `_read_r':
readr.c:(.text+0x20): undefined reference to `_read'
make: *** [dram_0x40000000.elf] Error 1

**** Build Finished ****

**** Build of configuration Default for project 002.OS_Template ****

make all 
"C:\CodeSourcery\Sourcery G++ Lite/bin/arm-none-eabi-gcc" asm_function.s cp15a.s crt0.s Exception.c cp15.c gic.c graphics.c key.c led.c main.c pcb_allocator.c runtime.c sdhc.c timer.c uart.c -nostdinc  -I. -I "C:\CodeSourcery\Sourcery G++ Lite/arm-none-eabi/include" -I "C:\CodeSourcery\Sourcery G++ Lite/lib/gcc/arm-none-eabi/4.8.1/include"  -mcpu=cortex-a9 -c -g -O3 -Wall -mfloat-abi=softfp -mfpu=neon-vfpv4 -fno-builtin -funsigned-char -ftree-vectorize -ftree-vectorizer-verbose=0 -fno-strict-aliasing -fno-common -pipe -mapcs 
"C:\CodeSourcery\Sourcery G++ Lite/bin/arm-none-eabi-ld" Exception.o cp15.o gic.o graphics.o key.o led.o main.o pcb_allocator.o runtime.o sdhc.o timer.o uart.o asm_function.o cp15a.o crt0.o -o dram_0x40000000.elf --cref -Bstatic -nostdlib -p -EL -Map dram_0x40000000.map -L "C:\CodeSourcery\Sourcery G++ Lite/arm-none-eabi/lib" -L "C:\CodeSourcery\Sourcery G++ Lite/lib/gcc/arm-none-eabi/4.8.1" -lc -lgcc -T dram_0x40000000.lds
"C:\CodeSourcery\Sourcery G++ Lite/bin/arm-none-eabi-objcopy" dram_0x40000000.elf dram_0x40000000.bin -O binary
"C:\CodeSourcery\Sourcery G++ Lite/bin/arm-none-eabi-objdump" -x -D .\dram_0x40000000.elf > .\__dump.txt
"C:\CodeSourcery\Sourcery G++ Lite/bin/arm-none-eabi-objdump" -x -D -S .\dram_0x40000000.elf > .\__dump_all.txt
copy /y dram_0x40000000.bin "C:\OpenTFTPServer\home"
        1개 파일이 복사되었습니다.

**** Build Finished ****

**** Build of configuration Default for project 002.OS_Template ****

make all 
"C:\CodeSourcery\Sourcery G++ Lite/bin/arm-none-eabi-gcc" asm_function.s cp15a.s crt0.s Exception.c cp15.c gic.c graphics.c key.c led.c main.c pcb_allocator.c runtime.c sdhc.c timer.c uart.c -nostdinc  -I. -I "C:\CodeSourcery\Sourcery G++ Lite/arm-none-eabi/include" -I "C:\CodeSourcery\Sourcery G++ Lite/lib/gcc/arm-none-eabi/4.8.1/include"  -mcpu=cortex-a9 -c -g -O3 -Wall -mfloat-abi=softfp -mfpu=neon-vfpv4 -fno-builtin -funsigned-char -ftree-vectorize -ftree-vectorizer-verbose=0 -fno-strict-aliasing -fno-common -pipe -mapcs 
In file included from pcb_allocator.c:1:0:
pcb_allocator.h:9:1: error: expected '=', ',', ';', 'asm' or '__attribute__' before 'typedef'
 typedef struct PCB_NODE {
 ^
pcb_allocator.h:10:2: error: unknown type name 'PCB_ADR'
  PCB_ADR pcb_addr;
  ^
pcb_allocator.h:19:32: error: unknown type name 'PCB_ADR'
 extern PCB_NODE * allocate_pcb(PCB_ADR adr);
                                ^
pcb_allocator.h:20:21: error: unknown type name 'PCB_ADR'
 extern void add_pcb(PCB_ADR adr);
                     ^
pcb_allocator.c:3:25: error: unknown type name 'PCB_ADR'
 PCB_NODE * allocate_pcb(PCB_ADR adr) {
                         ^
pcb_allocator.c:17:14: error: unknown type name 'PCB'
 void add_pcb(PCB data) {
              ^
make: *** [Exception.o] Error 1

**** Build Finished ****

**** Build of configuration Default for project 002.OS_Template ****

make all 
"C:\CodeSourcery\Sourcery G++ Lite/bin/arm-none-eabi-gcc" asm_function.s cp15a.s crt0.s Exception.c cp15.c gic.c graphics.c key.c led.c main.c pcb_allocator.c runtime.c sdhc.c timer.c uart.c -nostdinc  -I. -I "C:\CodeSourcery\Sourcery G++ Lite/arm-none-eabi/include" -I "C:\CodeSourcery\Sourcery G++ Lite/lib/gcc/arm-none-eabi/4.8.1/include"  -mcpu=cortex-a9 -c -g -O3 -Wall -mfloat-abi=softfp -mfpu=neon-vfpv4 -fno-builtin -funsigned-char -ftree-vectorize -ftree-vectorizer-verbose=0 -fno-strict-aliasing -fno-common -pipe -mapcs 
In file included from pcb_allocator.c:1:0:
pcb_allocator.h:9:1: error: expected '=', ',', ';', 'asm' or '__attribute__' before 'typedef'
 typedef struct PCB_NODE {
 ^
pcb_allocator.h:10:2: error: unknown type name 'PCB_ADR'
  PCB_ADR pcb_addr;
  ^
pcb_allocator.h:19:32: error: unknown type name 'PCB_ADR'
 extern PCB_NODE * allocate_pcb(PCB_ADR adr);
                                ^
pcb_allocator.h:20:21: error: unknown type name 'PCB_ADR'
 extern void add_pcb(PCB_ADR adr);
                     ^
pcb_allocator.c:3:25: error: unknown type name 'PCB_ADR'
 PCB_NODE * allocate_pcb(PCB_ADR pcb_addr) {
                         ^
pcb_allocator.c:17:14: error: unknown type name 'PCB_ADR'
 void add_pcb(PCB_ADR pcb_addr) {
              ^
make: *** [Exception.o] Error 1

**** Build Finished ****

**** Build of configuration Default for project 002.OS_Template ****

make all 
"C:\CodeSourcery\Sourcery G++ Lite/bin/arm-none-eabi-gcc" asm_function.s cp15a.s crt0.s Exception.c cp15.c gic.c graphics.c key.c led.c main.c pcb_allocator.c runtime.c sdhc.c timer.c uart.c -nostdinc  -I. -I "C:\CodeSourcery\Sourcery G++ Lite/arm-none-eabi/include" -I "C:\CodeSourcery\Sourcery G++ Lite/lib/gcc/arm-none-eabi/4.8.1/include"  -mcpu=cortex-a9 -c -g -O3 -Wall -mfloat-abi=softfp -mfpu=neon-vfpv4 -fno-builtin -funsigned-char -ftree-vectorize -ftree-vectorizer-verbose=0 -fno-strict-aliasing -fno-common -pipe -mapcs 
pcb_allocator.c: In function 'allocate_pcb':
pcb_allocator.c:11:2: error: expected ';' before 'node'
  node->before = NULL;
  ^
make: *** [Exception.o] Error 1

**** Build Finished ****

**** Build of configuration Default for project 002.OS_Template ****

make all 
"C:\CodeSourcery\Sourcery G++ Lite/bin/arm-none-eabi-gcc" asm_function.s cp15a.s crt0.s Exception.c cp15.c gic.c graphics.c key.c led.c main.c pcb_allocator.c runtime.c sdhc.c timer.c uart.c -nostdinc  -I. -I "C:\CodeSourcery\Sourcery G++ Lite/arm-none-eabi/include" -I "C:\CodeSourcery\Sourcery G++ Lite/lib/gcc/arm-none-eabi/4.8.1/include"  -mcpu=cortex-a9 -c -g -O3 -Wall -mfloat-abi=softfp -mfpu=neon-vfpv4 -fno-builtin -funsigned-char -ftree-vectorize -ftree-vectorizer-verbose=0 -fno-strict-aliasing -fno-common -pipe -mapcs 
"C:\CodeSourcery\Sourcery G++ Lite/bin/arm-none-eabi-ld" Exception.o cp15.o gic.o graphics.o key.o led.o main.o pcb_allocator.o runtime.o sdhc.o timer.o uart.o asm_function.o cp15a.o crt0.o -o dram_0x40000000.elf --cref -Bstatic -nostdlib -p -EL -Map dram_0x40000000.map -L "C:\CodeSourcery\Sourcery G++ Lite/arm-none-eabi/lib" -L "C:\CodeSourcery\Sourcery G++ Lite/lib/gcc/arm-none-eabi/4.8.1" -lc -lgcc -T dram_0x40000000.lds
"C:\CodeSourcery\Sourcery G++ Lite/bin/arm-none-eabi-objcopy" dram_0x40000000.elf dram_0x40000000.bin -O binary
"C:\CodeSourcery\Sourcery G++ Lite/bin/arm-none-eabi-objdump" -x -D .\dram_0x40000000.elf > .\__dump.txt
"C:\CodeSourcery\Sourcery G++ Lite/bin/arm-none-eabi-objdump" -x -D -S .\dram_0x40000000.elf > .\__dump_all.txt
copy /y dram_0x40000000.bin "C:\OpenTFTPServer\home"
        1개 파일이 복사되었습니다.

**** Build Finished ****

**** Build of configuration Default for project 002.OS_Template ****

make all 
"C:\CodeSourcery\Sourcery G++ Lite/bin/arm-none-eabi-gcc" asm_function.s cp15a.s crt0.s Exception.c cp15.c gic.c graphics.c key.c led.c main.c pcb_allocator.c runtime.c sdhc.c timer.c uart.c -nostdinc  -I. -I "C:\CodeSourcery\Sourcery G++ Lite/arm-none-eabi/include" -I "C:\CodeSourcery\Sourcery G++ Lite/lib/gcc/arm-none-eabi/4.8.1/include"  -mcpu=cortex-a9 -c -g -O3 -Wall -mfloat-abi=softfp -mfpu=neon-vfpv4 -fno-builtin -funsigned-char -ftree-vectorize -ftree-vectorizer-verbose=0 -fno-strict-aliasing -fno-common -pipe -mapcs 
pcb_allocator.c: In function 'set_current_pcb_adr':
pcb_allocator.c:43:1: warning: control reaches end of non-void function [-Wreturn-type]
 }
 ^
"C:\CodeSourcery\Sourcery G++ Lite/bin/arm-none-eabi-ld" Exception.o cp15.o gic.o graphics.o key.o led.o main.o pcb_allocator.o runtime.o sdhc.o timer.o uart.o asm_function.o cp15a.o crt0.o -o dram_0x40000000.elf --cref -Bstatic -nostdlib -p -EL -Map dram_0x40000000.map -L "C:\CodeSourcery\Sourcery G++ Lite/arm-none-eabi/lib" -L "C:\CodeSourcery\Sourcery G++ Lite/lib/gcc/arm-none-eabi/4.8.1" -lc -lgcc -T dram_0x40000000.lds
"C:\CodeSourcery\Sourcery G++ Lite/bin/arm-none-eabi-objcopy" dram_0x40000000.elf dram_0x40000000.bin -O binary
"C:\CodeSourcery\Sourcery G++ Lite/bin/arm-none-eabi-objdump" -x -D .\dram_0x40000000.elf > .\__dump.txt
"C:\CodeSourcery\Sourcery G++ Lite/bin/arm-none-eabi-objdump" -x -D -S .\dram_0x40000000.elf > .\__dump_all.txt
copy /y dram_0x40000000.bin "C:\OpenTFTPServer\home"
        1개 파일이 복사되었습니다.

**** Build Finished ****

**** Build of configuration Default for project 002.OS_Template ****

make all 
"C:\CodeSourcery\Sourcery G++ Lite/bin/arm-none-eabi-gcc" asm_function.s cp15a.s crt0.s Exception.c cp15.c gic.c graphics.c key.c led.c main.c pcb_allocator.c runtime.c sdhc.c timer.c uart.c -nostdinc  -I. -I "C:\CodeSourcery\Sourcery G++ Lite/arm-none-eabi/include" -I "C:\CodeSourcery\Sourcery G++ Lite/lib/gcc/arm-none-eabi/4.8.1/include"  -mcpu=cortex-a9 -c -g -O3 -Wall -mfloat-abi=softfp -mfpu=neon-vfpv4 -fno-builtin -funsigned-char -ftree-vectorize -ftree-vectorizer-verbose=0 -fno-strict-aliasing -fno-common -pipe -mapcs 
pcb_allocator.c: In function 'set_current_pcb_adr':
pcb_allocator.c:43:1: warning: control reaches end of non-void function [-Wreturn-type]
 }
 ^
"C:\CodeSourcery\Sourcery G++ Lite/bin/arm-none-eabi-ld" Exception.o cp15.o gic.o graphics.o key.o led.o main.o pcb_allocator.o runtime.o sdhc.o timer.o uart.o asm_function.o cp15a.o crt0.o -o dram_0x40000000.elf --cref -Bstatic -nostdlib -p -EL -Map dram_0x40000000.map -L "C:\CodeSourcery\Sourcery G++ Lite/arm-none-eabi/lib" -L "C:\CodeSourcery\Sourcery G++ Lite/lib/gcc/arm-none-eabi/4.8.1" -lc -lgcc -T dram_0x40000000.lds
"C:\CodeSourcery\Sourcery G++ Lite/bin/arm-none-eabi-objcopy" dram_0x40000000.elf dram_0x40000000.bin -O binary
"C:\CodeSourcery\Sourcery G++ Lite/bin/arm-none-eabi-objdump" -x -D .\dram_0x40000000.elf > .\__dump.txt
"C:\CodeSourcery\Sourcery G++ Lite/bin/arm-none-eabi-objdump" -x -D -S .\dram_0x40000000.elf > .\__dump_all.txt
copy /y dram_0x40000000.bin "C:\OpenTFTPServer\home"
        1개 파일이 복사되었습니다.

**** Build Finished ****

**** Build of configuration Default for project 002.OS_Template ****

make all 
"C:\CodeSourcery\Sourcery G++ Lite/bin/arm-none-eabi-gcc" asm_function.s cp15a.s crt0.s Exception.c cp15.c gic.c graphics.c key.c led.c main.c pcb_allocator.c runtime.c sdhc.c timer.c uart.c -nostdinc  -I. -I "C:\CodeSourcery\Sourcery G++ Lite/arm-none-eabi/include" -I "C:\CodeSourcery\Sourcery G++ Lite/lib/gcc/arm-none-eabi/4.8.1/include"  -mcpu=cortex-a9 -c -g -O3 -Wall -mfloat-abi=softfp -mfpu=neon-vfpv4 -fno-builtin -funsigned-char -ftree-vectorize -ftree-vectorizer-verbose=0 -fno-strict-aliasing -fno-common -pipe -mapcs 
pcb_allocator.c:41:6: error: conflicting types for 'set_current_pcb_adr'
 void set_current_pcb_adr(PCB_ADR pcb_addr){
      ^
In file included from pcb_allocator.c:1:0:
pcb_allocator.h:23:16: note: previous declaration of 'set_current_pcb_adr' was here
 extern PCB_ADR set_current_pcb_adr(PCB_ADR pcb_addr);
                ^
make: *** [Exception.o] Error 1

**** Build Finished ****

**** Build of configuration Default for project 002.OS_Template ****

make all 
"C:\CodeSourcery\Sourcery G++ Lite/bin/arm-none-eabi-gcc" asm_function.s cp15a.s crt0.s Exception.c cp15.c gic.c graphics.c key.c led.c main.c pcb_allocator.c runtime.c sdhc.c timer.c uart.c -nostdinc  -I. -I "C:\CodeSourcery\Sourcery G++ Lite/arm-none-eabi/include" -I "C:\CodeSourcery\Sourcery G++ Lite/lib/gcc/arm-none-eabi/4.8.1/include"  -mcpu=cortex-a9 -c -g -O3 -Wall -mfloat-abi=softfp -mfpu=neon-vfpv4 -fno-builtin -funsigned-char -ftree-vectorize -ftree-vectorizer-verbose=0 -fno-strict-aliasing -fno-common -pipe -mapcs 
"C:\CodeSourcery\Sourcery G++ Lite/bin/arm-none-eabi-ld" Exception.o cp15.o gic.o graphics.o key.o led.o main.o pcb_allocator.o runtime.o sdhc.o timer.o uart.o asm_function.o cp15a.o crt0.o -o dram_0x40000000.elf --cref -Bstatic -nostdlib -p -EL -Map dram_0x40000000.map -L "C:\CodeSourcery\Sourcery G++ Lite/arm-none-eabi/lib" -L "C:\CodeSourcery\Sourcery G++ Lite/lib/gcc/arm-none-eabi/4.8.1" -lc -lgcc -T dram_0x40000000.lds
"C:\CodeSourcery\Sourcery G++ Lite/bin/arm-none-eabi-objcopy" dram_0x40000000.elf dram_0x40000000.bin -O binary
"C:\CodeSourcery\Sourcery G++ Lite/bin/arm-none-eabi-objdump" -x -D .\dram_0x40000000.elf > .\__dump.txt
"C:\CodeSourcery\Sourcery G++ Lite/bin/arm-none-eabi-objdump" -x -D -S .\dram_0x40000000.elf > .\__dump_all.txt
copy /y dram_0x40000000.bin "C:\OpenTFTPServer\home"
        1개 파일이 복사되었습니다.

**** Build Finished ****

**** Build of configuration Default for project 002.OS_Template ****

make all 
make: Nothing to be done for `all'.

**** Build Finished ****
